{
  "stats": {
    "suites": 1,
    "tests": 1,
    "passes": 1,
    "pending": 0,
    "failures": 0,
    "start": "2026-01-23T02:47:22.906Z",
    "end": "2026-01-23T02:47:24.168Z",
    "duration": 1262,
    "testsRegistered": 1,
    "passPercent": 100,
    "pendingPercent": 0,
    "other": 0,
    "hasOther": false,
    "skipped": 0,
    "hasSkipped": false
  },
  "results": [
    {
      "uuid": "96d24dcf-7384-441a-9c35-5dbe4b6b25b6",
      "title": "",
      "fullFile": "cypress\\e2e\\api\\starWarApi.cy.js",
      "file": "cypress\\e2e\\api\\starWarApi.cy.js",
      "beforeHooks": [],
      "afterHooks": [],
      "tests": [],
      "suites": [
        {
          "uuid": "b1705b0b-dde9-463d-926a-14c4fb45b95e",
          "title": "API - StarWar",
          "fullFile": "",
          "file": "",
          "beforeHooks": [],
          "afterHooks": [],
          "tests": [
            {
              "title": "primera prueba de star war",
              "fullTitle": "API - StarWar primera prueba de star war",
              "timedOut": null,
              "duration": 1223,
              "state": "passed",
              "speed": "fast",
              "pass": true,
              "fail": false,
              "pending": false,
              "context": null,
              "code": "cy.request(\"GET\", urlCompleta).then(respuesta => {\n  expect(respuesta.status).to.eq(200);\n  expect(respuesta.body.name).to.eq(\"Luke Skywalker\");\n  expect(respuesta.body).to.be.an(\"object\");\n  expect(respuesta.body).to.include({\n    height: datos.height,\n    mass: datos.mass,\n    eye_color: datos.eye_color\n  });\n});",
              "err": {},
              "uuid": "7d95430b-9070-4d9e-a2b9-ba033a0ce88b",
              "parentUUID": "b1705b0b-dde9-463d-926a-14c4fb45b95e",
              "isHook": false,
              "skipped": false
            }
          ],
          "suites": [],
          "passes": [
            "7d95430b-9070-4d9e-a2b9-ba033a0ce88b"
          ],
          "failures": [],
          "pending": [],
          "skipped": [],
          "duration": 1223,
          "root": false,
          "rootEmpty": false,
          "_timeout": 2000
        }
      ],
      "passes": [],
      "failures": [],
      "pending": [],
      "skipped": [],
      "duration": 0,
      "root": true,
      "rootEmpty": true,
      "_timeout": 2000
    }
  ],
  "meta": {
    "mocha": {
      "version": "7.2.0"
    },
    "mochawesome": {
      "options": {
        "quiet": false,
        "reportFilename": "mochawesome",
        "saveHtml": false,
        "saveJson": true,
        "consoleReporter": "spec",
        "useInlineDiffs": false,
        "code": true
      },
      "version": "7.1.4"
    },
    "marge": {
      "options": {
        "reportDir": "cypress/reports/json",
        "overwrite": false,
        "html": false,
        "json": true
      },
      "version": "6.3.2"
    }
  }
}