{
  "stats": {
    "suites": 1,
    "tests": 1,
    "passes": 1,
    "pending": 0,
    "failures": 0,
    "start": "2026-01-23T02:56:37.326Z",
    "end": "2026-01-23T02:56:38.576Z",
    "duration": 1250,
    "testsRegistered": 1,
    "passPercent": 100,
    "pendingPercent": 0,
    "other": 0,
    "hasOther": false,
    "skipped": 0,
    "hasSkipped": false
  },
  "results": [
    {
      "uuid": "b0d3035f-942f-4d76-9de0-e635c226bf6a",
      "title": "",
      "fullFile": "cypress\\e2e\\api\\starWarApi.cy.js",
      "file": "cypress\\e2e\\api\\starWarApi.cy.js",
      "beforeHooks": [],
      "afterHooks": [],
      "tests": [],
      "suites": [
        {
          "uuid": "f80ad65f-d1e5-40b4-89a7-1ec6e56a2544",
          "title": "API - StarWar",
          "fullFile": "",
          "file": "",
          "beforeHooks": [],
          "afterHooks": [],
          "tests": [
            {
              "title": "primera prueba de star war",
              "fullTitle": "API - StarWar primera prueba de star war",
              "timedOut": null,
              "duration": 1213,
              "state": "passed",
              "speed": "fast",
              "pass": true,
              "fail": false,
              "pending": false,
              "context": null,
              "code": "cy.request(\"GET\", urlCompleta).then(respuesta => {\n  expect(respuesta.status).to.eq(200);\n  expect(respuesta.body.name).to.eq(\"Luke Skywalker\");\n  expect(respuesta.body).to.be.an(\"object\");\n  expect(respuesta.body).to.include({\n    height: datos.height,\n    mass: datos.mass,\n    eye_color: datos.eye_color\n  });\n});",
              "err": {},
              "uuid": "02c354ab-6204-483c-9820-b8f6792a575e",
              "parentUUID": "f80ad65f-d1e5-40b4-89a7-1ec6e56a2544",
              "isHook": false,
              "skipped": false
            }
          ],
          "suites": [],
          "passes": [
            "02c354ab-6204-483c-9820-b8f6792a575e"
          ],
          "failures": [],
          "pending": [],
          "skipped": [],
          "duration": 1213,
          "root": false,
          "rootEmpty": false,
          "_timeout": 2000
        }
      ],
      "passes": [],
      "failures": [],
      "pending": [],
      "skipped": [],
      "duration": 0,
      "root": true,
      "rootEmpty": true,
      "_timeout": 2000
    }
  ],
  "meta": {
    "mocha": {
      "version": "7.2.0"
    },
    "mochawesome": {
      "options": {
        "quiet": false,
        "reportFilename": "mochawesome",
        "saveHtml": false,
        "saveJson": true,
        "consoleReporter": "spec",
        "useInlineDiffs": false,
        "code": true
      },
      "version": "7.1.4"
    },
    "marge": {
      "options": {
        "reportDir": "cypress/reports/json",
        "overwrite": false,
        "html": false,
        "json": true
      },
      "version": "6.3.2"
    }
  }
}