{
  "stats": {
    "suites": 1,
    "tests": 2,
    "passes": 1,
    "pending": 0,
    "failures": 1,
    "start": "2026-01-23T02:56:42.569Z",
    "end": "2026-01-23T02:57:12.612Z",
    "duration": 30043,
    "testsRegistered": 2,
    "passPercent": 50,
    "pendingPercent": 0,
    "other": 0,
    "hasOther": false,
    "skipped": 0,
    "hasSkipped": false
  },
  "results": [
    {
      "uuid": "5876e3c9-0512-4650-9261-20ac53f4d90d",
      "title": "",
      "fullFile": "cypress\\e2e\\web\\BuscarTest.cy.js",
      "file": "cypress\\e2e\\web\\BuscarTest.cy.js",
      "beforeHooks": [],
      "afterHooks": [],
      "tests": [],
      "suites": [
        {
          "uuid": "e41e8f91-6964-44e0-822f-516372d94ce5",
          "title": "Prueba de productos si estan en la plataforma",
          "fullFile": "",
          "file": "",
          "beforeHooks": [],
          "afterHooks": [],
          "tests": [
            {
              "title": "prueba de la palabra dress",
              "fullTitle": "Prueba de productos si estan en la plataforma prueba de la palabra dress",
              "timedOut": null,
              "duration": 7466,
              "state": "passed",
              "speed": "medium",
              "pass": true,
              "fail": false,
              "pending": false,
              "context": null,
              "code": "//si da resultados con dress\ncy.get('#search_query_top').type(\"dress\");\ncy.get(\"#searchbox > button\").click();\ncy.get('.heading-counter').should('not.contain', '0 results');",
              "err": {},
              "uuid": "94516e3c-79d9-4a99-a17e-e6f2621ce518",
              "parentUUID": "e41e8f91-6964-44e0-822f-516372d94ce5",
              "isHook": false,
              "skipped": false
            },
            {
              "title": "prueba de que todos los elementos de la busqueda dress contenga la palabra",
              "fullTitle": "Prueba de productos si estan en la plataforma prueba de que todos los elementos de la busqueda dress contenga la palabra",
              "timedOut": null,
              "duration": 6875,
              "state": "failed",
              "speed": null,
              "pass": false,
              "fail": true,
              "pending": false,
              "context": null,
              "code": "//debe fallar porque hay mas resultados que no tienen dress\ncy.get('#search_query_top').type(\"dress\");\ncy.get(\"#searchbox > button\").click();\ncy.get('ul.product_list li .product-name').should('contain', 'dress');",
              "err": {
                "message": "AssertionError: Timed out retrying after 4000ms: expected '[ <a.product-name>, 6 more... ]' to contain 'dress'",
                "estack": "AssertionError: Timed out retrying after 4000ms: expected '[ <a.product-name>, 6 more... ]' to contain 'dress'\n    at Context.eval (webpack://unidad3/./cypress/e2e/web/BuscarTest.cy.js:17:51)",
                "diff": null
              },
              "uuid": "ad892fb9-4771-4063-8728-addcf5695674",
              "parentUUID": "e41e8f91-6964-44e0-822f-516372d94ce5",
              "isHook": false,
              "skipped": false
            }
          ],
          "suites": [],
          "passes": [
            "94516e3c-79d9-4a99-a17e-e6f2621ce518"
          ],
          "failures": [
            "ad892fb9-4771-4063-8728-addcf5695674"
          ],
          "pending": [],
          "skipped": [],
          "duration": 14341,
          "root": false,
          "rootEmpty": false,
          "_timeout": 2000
        }
      ],
      "passes": [],
      "failures": [],
      "pending": [],
      "skipped": [],
      "duration": 0,
      "root": true,
      "rootEmpty": true,
      "_timeout": 2000
    }
  ],
  "meta": {
    "mocha": {
      "version": "7.2.0"
    },
    "mochawesome": {
      "options": {
        "quiet": false,
        "reportFilename": "mochawesome",
        "saveHtml": false,
        "saveJson": true,
        "consoleReporter": "spec",
        "useInlineDiffs": false,
        "code": true
      },
      "version": "7.1.4"
    },
    "marge": {
      "options": {
        "reportDir": "cypress/reports/json",
        "overwrite": false,
        "html": false,
        "json": true
      },
      "version": "6.3.2"
    }
  }
}