{
  "stats": {
    "suites": 1,
    "tests": 2,
    "passes": 1,
    "pending": 0,
    "failures": 1,
    "start": "2026-01-23T02:57:14.569Z",
    "end": "2026-01-23T02:57:18.606Z",
    "duration": 4037,
    "testsRegistered": 2,
    "passPercent": 50,
    "pendingPercent": 0,
    "other": 0,
    "hasOther": false,
    "skipped": 0,
    "hasSkipped": false
  },
  "results": [
    {
      "uuid": "15082176-4fe1-48b4-ac19-c30b573fd3ff",
      "title": "",
      "fullFile": "cypress\\e2e\\web\\Login.cy.js",
      "file": "cypress\\e2e\\web\\Login.cy.js",
      "beforeHooks": [],
      "afterHooks": [],
      "tests": [],
      "suites": [
        {
          "uuid": "b6abe722-e60c-4314-a9ea-aa1d2bcd421f",
          "title": "Login a https://the-internet.herokuapp.com/",
          "fullFile": "",
          "file": "",
          "beforeHooks": [],
          "afterHooks": [],
          "tests": [
            {
              "title": "Login válido",
              "fullTitle": "Login a https://the-internet.herokuapp.com/ Login válido",
              "timedOut": null,
              "duration": 2050,
              "state": "passed",
              "speed": "fast",
              "pass": true,
              "fail": false,
              "pending": false,
              "context": null,
              "code": "const username = 'admin';\nconst password = 'admin';\ncy.get(\"#content > ul > li:nth-child(3) > a\").click;\ncy.visit('https://admin:admin@the-internet.herokuapp.com/basic_auth');\ncy.get('p').should('contain', 'Congratulations! You must have the proper credentials.');\ncy.log(\"validando la url\");\ncy.url().should('include', '/basic_auth');",
              "err": {},
              "uuid": "a9a4336e-85f6-4298-9ee0-7609bbcbed32",
              "parentUUID": "b6abe722-e60c-4314-a9ea-aa1d2bcd421f",
              "isHook": false,
              "skipped": false
            },
            {
              "title": "Login incorrecto con otra clave",
              "fullTitle": "Login a https://the-internet.herokuapp.com/ Login incorrecto con otra clave",
              "timedOut": null,
              "duration": 694,
              "state": "failed",
              "speed": null,
              "pass": false,
              "fail": true,
              "pending": false,
              "context": null,
              "code": "const username = 'admin';\nconst noPassword = 'noadmin';\ncy.visit('https://admin:noadmin@the-internet.herokuapp.com/basic_auth');\ncy.get('p').should('contain', 'Congratulations! You must have the proper credentials.');\ncy.log(\"validando la url\");\ncy.url().should('include', '/basic_auth');",
              "err": {
                "message": "CypressError: `cy.visit()` failed trying to load:\n\nhttps://the-internet.herokuapp.com/basic_auth\n\nThe response we received from your web server was:\n\n  > 401: Unauthorized\n\nThis was considered a failure because the status code was not `2xx`.\n\nIf you do not want status codes to cause failures pass the option: `failOnStatusCode: false`",
                "estack": "CypressError: `cy.visit()` failed trying to load:\n\nhttps://the-internet.herokuapp.com/basic_auth\n\nThe response we received from your web server was:\n\n  > 401: Unauthorized\n\nThis was considered a failure because the status code was not `2xx`.\n\nIf you do not want status codes to cause failures pass the option: `failOnStatusCode: false`\n    at <unknown> (https://the-internet.herokuapp.com/__cypress/runner/cypress_runner.js:134864:76)\n    at visitFailedByErr (https://the-internet.herokuapp.com/__cypress/runner/cypress_runner.js:134454:12)\n    at <unknown> (https://the-internet.herokuapp.com/__cypress/runner/cypress_runner.js:134847:13)\n    at tryCatcher (https://the-internet.herokuapp.com/__cypress/runner/cypress_runner.js:1777:23)\n    at Promise._settlePromiseFromHandler (https://the-internet.herokuapp.com/__cypress/runner/cypress_runner.js:1489:31)\n    at Promise._settlePromise (https://the-internet.herokuapp.com/__cypress/runner/cypress_runner.js:1546:18)\n    at Promise._settlePromise0 (https://the-internet.herokuapp.com/__cypress/runner/cypress_runner.js:1591:10)\n    at Promise._settlePromises (https://the-internet.herokuapp.com/__cypress/runner/cypress_runner.js:1667:18)\n    at _drainQueueStep (https://the-internet.herokuapp.com/__cypress/runner/cypress_runner.js:2377:12)\n    at _drainQueue (https://the-internet.herokuapp.com/__cypress/runner/cypress_runner.js:2370:9)\n    at Async._drainQueues (https://the-internet.herokuapp.com/__cypress/runner/cypress_runner.js:2386:5)\n    at Async.drainQueues (https://the-internet.herokuapp.com/__cypress/runner/cypress_runner.js:2256:14)\nFrom Your Spec Code:\n    at Context.eval (webpack://unidad3/./cypress/e2e/web/Login.cy.js:24:7)",
                "diff": null
              },
              "uuid": "89c572e4-92e6-476c-b8e6-ba1c85027735",
              "parentUUID": "b6abe722-e60c-4314-a9ea-aa1d2bcd421f",
              "isHook": false,
              "skipped": false
            }
          ],
          "suites": [],
          "passes": [
            "a9a4336e-85f6-4298-9ee0-7609bbcbed32"
          ],
          "failures": [
            "89c572e4-92e6-476c-b8e6-ba1c85027735"
          ],
          "pending": [],
          "skipped": [],
          "duration": 2744,
          "root": false,
          "rootEmpty": false,
          "_timeout": 2000
        }
      ],
      "passes": [],
      "failures": [],
      "pending": [],
      "skipped": [],
      "duration": 0,
      "root": true,
      "rootEmpty": true,
      "_timeout": 2000
    }
  ],
  "meta": {
    "mocha": {
      "version": "7.2.0"
    },
    "mochawesome": {
      "options": {
        "quiet": false,
        "reportFilename": "mochawesome",
        "saveHtml": false,
        "saveJson": true,
        "consoleReporter": "spec",
        "useInlineDiffs": false,
        "code": true
      },
      "version": "7.1.4"
    },
    "marge": {
      "options": {
        "reportDir": "cypress/reports/json",
        "overwrite": false,
        "html": false,
        "json": true
      },
      "version": "6.3.2"
    }
  }
}